C51 COMPILER V9.02   TEXT1                                                                 04/12/2020 19:33:08 PAGE 1   


C51 COMPILER V9.02, COMPILATION OF MODULE TEXT1
OBJECT MODULE PLACED IN Text1.OBJ
COMPILER INVOKED BY: C:\Users\99702\Documents\keil\C51\BIN\C51.EXE Text1.C DEBUG OBJECTEXTEND

line level    source

   1          //-----------------------------------------------------------------
   2          //  名称: 74HC148扩展中断
   3          //-----------------------------------------------------------------
   4          //  说明: 通过74LS148扩展外部中断,对于外部的8个控制开关,任意一个
   5          //                合上都将在GS引脚输出低电平,触发外部中断,优先级最高的是
   6          //                输入引脚7,最低的是输入引脚0.中断触发后,中断例程通过读取
   7          //                A2,A1,A0的输出值,判断是哪一路开关触发了中断.
   8          //                                        
   9          //-----------------------------------------------------------------
  10          #include <reg51.h>
  11          #include <intrins.h>
  12          #define INT8U  unsigned char
  13          #define INT16U unsigned int 
  14          sbit LED  = P1^0;                                       //由主程序控制的LED
  15          //-----------------------------------------------------------------
  16          // 延时函数
  17          //-----------------------------------------------------------------
  18          void delay_ms(INT16U x) 
  19          {
  20   1              INT8U t; while(x--) for(t = 0; t < 120; t++);
  21   1      }
  22          
  23          //-----------------------------------------------------------------
  24          // INT0中断程序(当有开关合上时,GS为零,触发中断0)
  25          //-----------------------------------------------------------------
  26          void EX_INTO() interrupt 0 
  27          {               
  28   1              P0 = ~(1 << (P2 & 0x07));       //中断控制点亮按键对应的LED
  29   1      }
  30          
  31          //-----------------------------------------------------------------
  32          // 主程序 (Proteus中74HC148存在问题,与输入引脚0对应的开关控制无效)
  33          //-----------------------------------------------------------------
  34          void main() 
  35          { 
  36   1              IE = 0x81;                      //外部中断0许可
  37   1              IT0 = 0;                        //低电平触发中断
  38   1              while(1)
  39   1              {
  40   2                      LED = !LED;                     //主程序控制一只LED闪烁
  41   2                      delay_ms(30);
  42   2                      if (INT0 == 1)          //GS为1
  43   2                              P0 = 0xFF;              //无按键合上，关闭所有LED
  44   2              }
  45   1      }


MODULE INFORMATION:   STATIC OVERLAYABLE
   CODE SIZE        =     83    ----
   CONSTANT SIZE    =   ----    ----
   XDATA SIZE       =   ----    ----
   PDATA SIZE       =   ----    ----
   DATA SIZE        =   ----    ----
   IDATA SIZE       =   ----    ----
   BIT SIZE         =   ----    ----
C51 COMPILER V9.02   TEXT1                                                                 04/12/2020 19:33:08 PAGE 2   

END OF MODULE INFORMATION.


C51 COMPILATION COMPLETE.  0 WARNING(S),  0 ERROR(S)
