C51 COMPILER V9.02   TEXT1                                                                 04/12/2020 20:11:44 PAGE 1   


C51 COMPILER V9.02, COMPILATION OF MODULE TEXT1
OBJECT MODULE PLACED IN Text1.OBJ
COMPILER INVOKED BY: C:\Users\99702\Documents\keil\C51\BIN\C51.EXE Text1.C BROWSE DEBUG OBJECTEXTEND

line level    source

   1          //-----------------------------------------------------------------
   2          //  名称: 62256扩展内存  
   3          //-----------------------------------------------------------------
   4          //  说明: 本例先向62256地址0x0000写入0x00-0xFF,然后将其逆向拷贝到
   5          //        0x0120地址位置.指示灯闪烁可暂停程序,用debug查看内存.
   6          //
   7          //-----------------------------------------------------------------
   8          #include <reg51.h>
   9          #include <intrins.h>
  10          #include <absacc.h>
  11          #define INT8U  unsigned char
  12          #define INT16U unsigned int
  13          #define LED_ON()        P1 &= ~(1<<0)    //LED点亮
  14          #define LED_BLINK() P1 ^=  (1<<0)        //LED闪烁
  15          //-----------------------------------------------------------------
  16          // 延时函数
  17          //-----------------------------------------------------------------
  18          void delay_ms(INT16U x) 
  19          {
  20   1              INT8U t; while(x--) for(t = 0; t < 120; t++);
  21   1      }
  22          
  23          //-----------------------------------------------------------------
  24          // 主程序
  25          //-----------------------------------------------------------------
  26          void main() 
  27          { 
  28   1              INT16U i;
  29   1              LED_ON();       //初始时LED点亮
  30   1              //向62256的0x0000地址开始写入0x00-0xFF
  31   1              for(i=0x0000; i<0x00FF; i++)
  32   1                      XBYTE[i] = (INT8U)i;
  33   1              //再将写入的256字节数据逆向赋值到0x0120开始处
  34   1              for(i=0x0000; i<0x00FF; i++)
  35   1                      XBYTE[i+0x0120] = XBYTE[0x00FF - i];
  36   1              delay_ms(1000);
  37   1              //扩展内存数据处理完成后LED闪烁
  38   1              while(1)
  39   1              {
  40   2                      LED_BLINK();
  41   2                      delay_ms(100);
  42   2              }
  43   1      } 


MODULE INFORMATION:   STATIC OVERLAYABLE
   CODE SIZE        =    101    ----
   CONSTANT SIZE    =   ----    ----
   XDATA SIZE       =   ----    ----
   PDATA SIZE       =   ----    ----
   DATA SIZE        =   ----    ----
   IDATA SIZE       =   ----    ----
   BIT SIZE         =   ----    ----
END OF MODULE INFORMATION.


C51 COMPILATION COMPLETE.  0 WARNING(S),  0 ERROR(S)
