C51 COMPILER V9.02   TEXT1                                                                 03/22/2020 21:30:20 PAGE 1   


C51 COMPILER V9.02, COMPILATION OF MODULE TEXT1
OBJECT MODULE PLACED IN Text1.OBJ
COMPILER INVOKED BY: C:\Users\99702\Documents\keil\C51\BIN\C51.EXE Text1.c BROWSE DEBUG OBJECTEXTEND

line level    source

   1          //-----------------------------------------------------------------
   2          //  名称：74HC138译码器与反向缓冲器控制数码管显示
   3          //-----------------------------------------------------------------
   4          //  说明：本例用3-8译码器控制数码管位码,仅占用P2端口低3位引脚.
   5          //        用反向缓冲/驱动器7406驱动显示.
   6          //
   7          //-----------------------------------------------------------------
   8          #include<reg51.h>
   9          #include<intrins.h>
  10          #define INT8U  unsigned char
  11          #define INT16U unsigned int
  12          //共阳数码管段码表
  13          INT8U code SEG_CODE[]={0xC0,0xF9,0xA4,0xB0,0x99,0x92,0x82,0xF8,0x80,0x90 };
  14          //待显示数据
  15          INT8U disp_buff[] = {2,0,2,0,0,3,2,2};
  16          //-----------------------------------------------------------------
  17          // 延时函数
  18          //-----------------------------------------------------------------
  19          void delay_ms(INT16U x) 
  20          {
  21   1              INT8U t; while(x--) for(t = 0; t < 120; t++);
  22   1      }
  23          
  24          //-----------------------------------------------------------------
  25          // 主程序
  26          //-----------------------------------------------------------------
  27          void main()
  28          {
  29   1          INT8U i;
  30   1          while(1)
  31   1          {
  32   2              for(i=0; i<8; i++)
  33   2              {
  34   3                  P0 = 0xFF;                      //暂时关闭段码
  35   3                  P2 = i;                         //通过38译码器输出位码
  36   3                  P0 = SEG_CODE[disp_buff[i]];    //输出段码
  37   3                  delay_ms(4);                
  38   3              }
  39   2          }
  40   1      }


MODULE INFORMATION:   STATIC OVERLAYABLE
   CODE SIZE        =     53    ----
   CONSTANT SIZE    =     10    ----
   XDATA SIZE       =   ----    ----
   PDATA SIZE       =   ----    ----
   DATA SIZE        =      8    ----
   IDATA SIZE       =   ----    ----
   BIT SIZE         =   ----    ----
END OF MODULE INFORMATION.


C51 COMPILATION COMPLETE.  0 WARNING(S),  0 ERROR(S)
