C51 COMPILER V9.02   TEXT1                                                                 04/12/2020 20:02:52 PAGE 1   


C51 COMPILER V9.02, COMPILATION OF MODULE TEXT1
OBJECT MODULE PLACED IN Text1.OBJ
COMPILER INVOKED BY: C:\Users\99702\Documents\keil\C51\BIN\C51.EXE Text1.c BROWSE DEBUG OBJECTEXTEND

line level    source

   1          //-----------------------------------------------------------------
   2          //  名称: 数码管BCD解码驱动器CD4511与DM7447应用
   3          //-----------------------------------------------------------------
   4          //  说明: BCD码经CD4511或DM7447译码后输出数码管段码，实现数码管显示
   5          //              （7447驱动共阳数码管,本例用的是共阴数码管,用4511直接驱动）
   6          //
   7          //-----------------------------------------------------------------
   8          #include <reg51.h>
   9          #include <intrins.h>
  10          #define INT8U  unsigned char
  11          #define INT16U unsigned int
  12          //待显示的数字串"87 69 03",其中0xFF不显示
  13          code INT8U BCD_CODE[] = {8,7,0xFF,6,9,0xFF,0,3,};
  14          //-----------------------------------------------------------------
  15          // 延时函数
  16          //-----------------------------------------------------------------
  17          void delay_ms(INT16U x) 
  18          {
  19   1              INT8U t; while(x--) for(t = 0; t < 120; t++);
  20   1      }
  21          
  22          //-----------------------------------------------------------------
  23          // 主程序
  24          //-----------------------------------------------------------------
  25          void main()
  26          {
  27   1              INT8U i;
  28   1              while(1)
  29   1              {
  30   2                      for(i=0; i<8; i++)      //8位数据发送CD4511解码显示
  31   2                      {
  32   3                              //译码器输出0~7对应的扫描码
  33   3                              P3 = i;
  34   3                              //向CD4511输出待显示数字的BCD码（非段码）
  35   3                              P1 = BCD_CODE[i];
  36   3                              delay_ms(4);
  37   3                      }
  38   2              }
  39   1      }


MODULE INFORMATION:   STATIC OVERLAYABLE
   CODE SIZE        =     46    ----
   CONSTANT SIZE    =      8    ----
   XDATA SIZE       =   ----    ----
   PDATA SIZE       =   ----    ----
   DATA SIZE        =   ----    ----
   IDATA SIZE       =   ----    ----
   BIT SIZE         =   ----    ----
END OF MODULE INFORMATION.


C51 COMPILATION COMPLETE.  0 WARNING(S),  0 ERROR(S)
