C51 COMPILER V9.02   TEXT1                                                                 10/26/2019 12:27:13 PAGE 1   


C51 COMPILER V9.02, COMPILATION OF MODULE TEXT1
OBJECT MODULE PLACED IN Text1.OBJ
COMPILER INVOKED BY: C:\Users\99702\Documents\keil\C51\BIN\C51.EXE Text1.c BROWSE DEBUG OBJECTEXTEND

line level    source

   1          //-----------------------------------------------------------------
   2          //  名称: TIMER0控制8×8LED点阵屏显示数字
   3          //-----------------------------------------------------------------
   4          //  说明: 8×8LED点阵屏循环显示数字0-9,刷新过程由T0定时器溢出中断完成.
   5          //   
   6          //-----------------------------------------------------------------
   7          #include <reg51.h>
   8          #include <intrins.h>
   9          #define INT8U   unsigned char
  10          #define INT16U  unsigned int
  11          //-----------------------------------------------------------------
  12          // 数字点阵
  13          //-----------------------------------------------------------------
  14          INT8U code DotMatrix[] = 
  15          {       0x00,0x3E,0x41,0x41,0x41,0x3E,0x00,0x00,        //0
  16                  0x00,0x00,0x00,0x21,0x7F,0x01,0x00,0x00,        //1
  17                  0x00,0x27,0x45,0x45,0x45,0x39,0x00,0x00,        //2
  18                  0x00,0x22,0x49,0x49,0x49,0x36,0x00,0x00,        //3
  19                  0x00,0x0C,0x14,0x24,0x7F,0x04,0x00,0x00,        //4
  20                  0x00,0x72,0x51,0x51,0x51,0x4E,0x00,0x00,        //5
  21                  0x00,0x3E,0x49,0x49,0x49,0x26,0x00,0x00,        //6
  22                  0x00,0x40,0x40,0x40,0x4F,0x70,0x00,0x00,        //7
  23                  0x00,0x36,0x49,0x49,0x49,0x36,0x00,0x00,        //8
  24                  0x00,0x32,0x49,0x49,0x49,0x3E,0x00,0x00         //9
  25          };
  26          //------------------------------------------------------------------
  27          // 主程序
  28          //------------------------------------------------------------------
  29          void main() 
  30          {  
  31   1              TMOD = 0x00;                                    //T0工作于模式0（13位计数）
  32   1              TH0 = (8192 - 2000) >> 5;               //设置2ms定时
  33   1              TL0 = (8192 - 2000) & 0x1F;
  34   1              TR0 = 1;                                                //启动定时器T0
  35   1              IE = 0x82;                                              //允许T0中断并开总中断
  36   1              while(1);
  37   1      } 
  38          
  39          //------------------------------------------------------------------
  40          // T0定时器溢出中断函数控制LED点阵屏刷新显示
  41          //------------------------------------------------------------------
  42          void LED_Screen_Refresh() interrupt 1 
  43          {
  44   1              static INT8U i = 0, Num_Idx = 0, t = 0;
  45   1              TH0 = (8192 - 2000) >> 5;                       //重设2ms定时
  46   1              TL0 = (8192 - 2000) & 0x1F;                     
  47   1              P2 = 0xFF;                                                      //暂时关闭行码
  48   1              P3 = 1 << i;                                            //扫描输出列码（列共阳）
  49   1              P2 = ~DotMatrix[Num_Idx * 8 + i];       //输出行码
  50   1              if (++i == 8)                                           //8位循环
  51   1                      i = 0;
  52   1              if (++t == 200)                                         //每个数字刷新显示一段时间
  53   1              {                                                                       
  54   2                      t = 0x00;                                               
  55   2                      if(++Num_Idx == 10)                     //显示下一个数字
C51 COMPILER V9.02   TEXT1                                                                 10/26/2019 12:27:13 PAGE 2   

  56   2                              Num_Idx = 0;
  57   2              }
  58   1      }


MODULE INFORMATION:   STATIC OVERLAYABLE
   CODE SIZE        =    134    ----
   CONSTANT SIZE    =     80    ----
   XDATA SIZE       =   ----    ----
   PDATA SIZE       =   ----    ----
   DATA SIZE        =      3    ----
   IDATA SIZE       =   ----    ----
   BIT SIZE         =   ----    ----
END OF MODULE INFORMATION.


C51 COMPILATION COMPLETE.  0 WARNING(S),  0 ERROR(S)
