C51 COMPILER V9.02   TEXT1                                                                 04/12/2020 19:55:12 PAGE 1   


C51 COMPILER V9.02, COMPILATION OF MODULE TEXT1
OBJECT MODULE PLACED IN Text1.OBJ
COMPILER INVOKED BY: C:\Users\99702\Documents\keil\C51\BIN\C51.EXE Text1.c DEBUG OBJECTEXTEND

line level    source

   1          //-----------------------------------------------------------------
   2          //  名称: 串口发送数据到两片8x8点阵屏滚动显示
   3          //-----------------------------------------------------------------
   4          //  说明: 本例通过串口发送数据到3片串入并出芯片75HC595,前两片分别
   5          //                发送第一块和第二块点阵屏的行码,第三片负责两片点阵屏的列码.
   6          //
   7          //-----------------------------------------------------------------
   8          #include <reg51.h> 
   9          #include <intrins.h>
  10          #include <stdio.h>
  11          #define INT8U  unsigned char
  12          #define INT16U unsigned int
  13          sbit  ST_CP = P3^2;                                     //595输出锁存器控制线
  14          INT8U code Arrow_Matrix[]=                      //待显示图形的点阵
  15          {
  16            0xFF,0xFF,0xFF,0xFF,0xFF,0xFF,0xFF,0xFF,
  17            0xFF,0xFF,0xFF,0xFF,0xFF,0xFF,0xFF,0xFF,
  18            0xFF,0xFF,0xF7,0xE3,0x81,0x00,0xC3,0xC3,
  19            0xC3,0xC3,0xC3,0xC3,0xC3,0xE7,0xE7,0xFF,
  20            0xFF,0xFF,0xFF,0xFF,0xFF,0xFF,0xFF,0xFF,
  21            0xFF,0xFF,0xFF,0xFF,0xFF,0xFF,0xFF,0xFF,
  22          };
  23          INT8U Offset,Idx = 0;
  24          //-----------------------------------------------------------------
  25          // 延时
  26          //-----------------------------------------------------------------
  27          void delay_ms( INT16U t )
  28          {
  29   1              INT8U i;  while ( t-- ) for(i = 0; i < 120; i++);
  30   1      }
  31          
  32          //-----------------------------------------------------------------
  33          // T0定时器中断控制点阵屏显示
  34          //-----------------------------------------------------------------
  35          void  T0_Led_Display_Control() interrupt 1 
  36          {
  37   1              static INT8U Scan_BIT = 0x01;   //初始列码
  38   1              TH0 = -1000 >> 8;                               //重新装入1ms定时常数
  39   1              TL0 = -1000 & 0xFF;
  40   1              Scan_BIT = _cror_(Scan_BIT, 1); //计算当前列码
  41   1              putchar(Scan_BIT);                              //先通过串口发送列码
  42   1              while(TI == 0)                                  //等待串口输出完成
  43   1              {
  44   2                      //发送两字节点阵编码（两字节行码）
  45   2                      putchar(Arrow_Matrix[Offset + Idx + 8]);
  46   2                      while(TI == 0);
  47   2                      putchar(Arrow_Matrix[Offset + Idx]);
  48   2                      while(TI == 0);
  49   2                      ST_CP = 0;      //先置低电平
  50   2                      ST_CP = 1;      //上升沿将数据送到输出锁存器
  51   2                      ST_CP = 0;      //置低电平
  52   2                      if (++Idx == 8)
  53   2                              Idx = 0;        //下一次取数据的索引
  54   2              }
  55   1      }
C51 COMPILER V9.02   TEXT1                                                                 04/12/2020 19:55:12 PAGE 2   

  56          
  57          //-----------------------------------------------------------------
  58          // 主程序
  59          //-----------------------------------------------------------------
  60          void  main()
  61          {
  62   1              INT8U i;
  63   1              TMOD = 0x01;                    //定时器T0工作方式1
  64   1              TH0 = -1000 >> 8;               //1ms定时常数
  65   1              TL0 = -1000 & 0xFF;
  66   1              IE = 0x82;                              //允许定时器T0中断
  67   1              TCON = 0x00;                    //设串口工作模式
  68   1              TI = 1;                                 //发送完成标志位置1
  69   1              while(1)
  70   1              {
  71   2                      for(i=0; i<32; i++)             //32次滚动
  72   2                      {
  73   3                              Offset = i;             //从数组中取点阵的偏移值
  74   3                              TR0 = 1;                        //启动定时器，刷新显示
  75   3                              //延时50ms，在此时间范围内由定时器中断显示信息
  76   3                              //调节延时参数可以改变滚动速度
  77   3                              delay_ms(50);
  78   3                              TR0 = 0;
  79   3                      }
  80   2              }
  81   1      }


MODULE INFORMATION:   STATIC OVERLAYABLE
   CODE SIZE        =    190    ----
   CONSTANT SIZE    =     48    ----
   XDATA SIZE       =   ----    ----
   PDATA SIZE       =   ----    ----
   DATA SIZE        =      3    ----
   IDATA SIZE       =   ----    ----
   BIT SIZE         =   ----    ----
END OF MODULE INFORMATION.


C51 COMPILATION COMPLETE.  0 WARNING(S),  0 ERROR(S)
