C51 COMPILER V9.02   TEXT1                                                                 10/26/2019 11:52:18 PAGE 1   


C51 COMPILER V9.02, COMPILATION OF MODULE TEXT1
OBJECT MODULE PLACED IN Text1.OBJ
COMPILER INVOKED BY: C:\Users\99702\Documents\keil\C51\BIN\C51.EXE Text1.C BROWSE DEBUG OBJECTEXTEND

line level    source

   1          //-----------------------------------------------------------------
   2          //  名称: 定时器控制单只LED闪烁
   3          //-----------------------------------------------------------------
   4          //  说明: TIMER0控制LED闪烁
   5          //-----------------------------------------------------------------
   6          #include <reg51.h>
   7          #define INT8U   unsigned char
   8          #define INT16U  unsigned int
   9          INT8U T_Count = 0;
  10          //-----------------------------------------------------------------
  11          // 主程序
  12          //-----------------------------------------------------------------
  13          void main() 
  14          { 
  15   1              TMOD = 0x00;                            //T0工作于模式0 （13位模式）
  16   1              TH0 = (8192 - 5000) >> 5;       //5ms 定时
  17   1              TL0 = (8192 - 5000) & 0x1F;
  18   1              //上面两行还可以写成：
  19   1              //TH0 = (8192 - 5000) / 32;
  20   1              //TL0 = (8192 - 5000) % 32;
  21   1              IE = 0x82;                              //允许T0中断
  22   1              TR0 = 1;                                //启动T0
  23   1              while(1);                               
  24   1      
  25   1      } 
  26          
  27          //-----------------------------------------------------------------
  28          // T0中断函数
  29          //-----------------------------------------------------------------
  30          void LED_Flash() interrupt 1
  31          {
  32   1              TH0 = (8192 - 5000) >> 5;       //5ms 定时
  33   1              TL0 = (8192 - 5000) & 0x1F;
  34   1              //上面两行还可以写成：
  35   1              //TH0 = (8192 - 5000) / 32;
  36   1              //TL0 = (8192 - 5000) % 32;
  37   1              if (++T_Count == 50)     //累加形成 5ms*50=250ms 间隔
  38   1              {
  39   2                      P0 = ~P0;                       //P0端口LED闪烁
  40   2                      T_Count = 0;
  41   2              }
  42   1      
  43   1      }


MODULE INFORMATION:   STATIC OVERLAYABLE
   CODE SIZE        =     44    ----
   CONSTANT SIZE    =   ----    ----
   XDATA SIZE       =   ----    ----
   PDATA SIZE       =   ----    ----
   DATA SIZE        =      1    ----
   IDATA SIZE       =   ----    ----
   BIT SIZE         =   ----    ----
END OF MODULE INFORMATION.


C51 COMPILATION COMPLETE.  0 WARNING(S),  0 ERROR(S)
