C51 COMPILER V9.02   TEXT1                                                                 04/12/2020 18:46:47 PAGE 1   


C51 COMPILER V9.02, COMPILATION OF MODULE TEXT1
OBJECT MODULE PLACED IN Text1.OBJ
COMPILER INVOKED BY: C:\Users\99702\Documents\keil\C51\BIN\C51.EXE Text1.c BROWSE DEBUG OBJECTEXTEND

line level    source

   1          //-----------------------------------------------------------------
   2          //  名称: 模拟时序控制串并转换器74HC164驱动多只数码管显示
   3          //-----------------------------------------------------------------
   4          //  说明: 本例运行时,5只独立数码管在串入并出转换器74HC164的驱动下
   5          //        独立显示5位数字，数码管的显示仅占用单片机2只引脚.
   6          //
   7          //-----------------------------------------------------------------
   8          #include <reg51.h>
   9          #include <intrins.h>
  10          #define INT8U  unsigned char
  11          #define INT16U unsigned int
  12          //数码管段码表
  13          const INT8U SEG_CODE[] = 
  14          { 0xC0,0xF9,0xA4,0xB0,0x99,0x92,0x82,0xF8,0x80,0x90,0xFF };
  15          //数位分解所用的权值表
  16          const INT16U m[] = {10000,1000,100,10};
  17          INT16U val = 42950;             //所演示的起始值
  18          INT8U Buf[5];                           //分解以后的存放缓冲
  19          //74HC164引脚定义
  20          sbit DAT = P3^4;                        //串行数据线
  21          sbit CLK = P3^7;                        //串行时钟线
  22          //-----------------------------------------------------------------
  23          // 延时
  24          //-----------------------------------------------------------------
  25          void delay_ms(INT16U x)
  26          {
  27   1              INT8U i; while(--x) for(i = 0;i < 120; i++) ;
  28   1      }
  29          
  30          //-----------------------------------------------------------------
  31          // 将整数x分解为5个数位,存入数组d
  32          //-----------------------------------------------------------------
  33          void Decompose(INT16U x,INT8U d[])
  34          {
  35   1          INT8U i;
  36   1          for(i=0; i<4; i++)
  37   1          {
  38   2              d[i] = 0;
  39   2              while(x >= m[i])
  40   2              {
  41   3                  x -= m[i];
  42   3                  d[i]++;
  43   3              }
  44   2          }
  45   1          d[4] = x;
  46   1      }
  47          
  48          //-----------------------------------------------------------------
  49          // 模拟时序向74HC164串行输出1字节数据
  50          //-----------------------------------------------------------------
  51          void Serial_Output(INT8U d)
  52          {
  53   1          INT8U i;
  54   1          for(i=0; i<8; i++)
  55   1          {
C51 COMPILER V9.02   TEXT1                                                                 04/12/2020 18:46:47 PAGE 2   

  56   2              CLK = 0;           //每字节8位
  57   2              d <<= 1;           //时钟置低电平
  58   2              DAT = CY;          //移出1位(高位优先)
  59   2              CLK = 1;           //上升沿数据移入74HC164
  60   2          }
  61   1      }
  62          
  63          //-----------------------------------------------------------------
  64          // 主程序
  65          //-----------------------------------------------------------------
  66          void main()
  67          {
  68   1          INT8U i;
  69   1          while(1)
  70   1          {
  71   2              Decompose(val, Buf);         //分解待显示数据val
  72   2              for(i=4; i!=0xFF; i--)       //串行发送各数字段码
  73   2                  Serial_Output(SEG_CODE[Buf[i]]);
  74   2              delay_ms(500);
  75   2              ++val;
  76   2          }
  77   1      }


MODULE INFORMATION:   STATIC OVERLAYABLE
   CODE SIZE        =    183    ----
   CONSTANT SIZE    =   ----    ----
   XDATA SIZE       =   ----    ----
   PDATA SIZE       =   ----    ----
   DATA SIZE        =     26       5
   IDATA SIZE       =   ----    ----
   BIT SIZE         =   ----    ----
END OF MODULE INFORMATION.


C51 COMPILATION COMPLETE.  0 WARNING(S),  0 ERROR(S)
