C51 COMPILER V9.02   TEXT1                                                                 11/11/2019 22:10:44 PAGE 1   


C51 COMPILER V9.02, COMPILATION OF MODULE TEXT1
OBJECT MODULE PLACED IN Text1.OBJ
COMPILER INVOKED BY: C:\Users\99702\Documents\keil\C51\BIN\C51.EXE Text1.c BROWSE DEBUG OBJECTEXTEND

line level    source

   1          //-----------------------------------------------------------------
   2          //  名称: TIMER0控制门铃声音输出
   3          //-----------------------------------------------------------------
   4          //  说明: 按下按键时蜂鸣器发出叮咚的门铃声
   5          //
   6          //-----------------------------------------------------------------
   7          #include <reg51.h>
   8          #include <intrins.h>
   9          #define INT8U  unsigned char
  10          #define INT16U unsigned int
  11          sbit Key = P1^7;
  12          sbit DoorBell =  P3^0; 
  13          INT16U p = 0; 
  14          //-----------------------------------------------------------------
  15          // 延时函数
  16          //-----------------------------------------------------------------
  17          void delay_ms(INT16U x) 
  18          {
  19   1              INT8U t; while(x--) for(t = 0; t < 120; t++);
  20   1      }
  21          
  22          //------------------------------------------------------------------
  23          // T0中断
  24          //------------------------------------------------------------------
  25          void Timer0_ISR() interrupt 1
  26          {
  27   1              DoorBell = ~DoorBell;
  28   1              p++;
  29   1              //如果需要声音拖得更长，可调整400和800，频率可调整700和1000
  30   1              //高音
  31   1              if (p < 800)
  32   1              {
  33   2                      TH0 = (8192 - 380)/32;
  34   2                      TL0 = (8192 - 380)%32;
  35   2              }
  36   1              //低音
  37   1              else if (p < 1200)
  38   1              {
  39   2                      TH0 = (8192 - 1200)/32;
  40   2                      TL0 = (8192 - 1200)%32;
  41   2              }       
  42   1              //关闭
  43   1              else
  44   1              {
  45   2                      TR0 = 0;
  46   2                      p = 0;
  47   2              }
  48   1      }
  49          
  50          //-----------------------------------------------------------------
  51          // 主程序
  52          //-----------------------------------------------------------------
  53          void main() 
  54          { 
  55   1              IE = 0x82;                                      //使能T0中断
C51 COMPILER V9.02   TEXT1                                                                 11/11/2019 22:10:44 PAGE 2   

  56   1              TMOD = 0x00;                            //T0工作于方式0
  57   1              TH0 = (8192 - 380)/32;          //初始时定时700μs
  58   1              TL0 = (8192 - 380)%32;
  59   1              while(1)
  60   1              {
  61   2                      if (Key == 0)                   //按下K1时启动定时器
  62   2                      {
  63   3                              delay_ms(10);           //延时消抖
  64   3                              if (Key == 0)
  65   3                              {
  66   4                                      while(!Key);
  67   4                                      TR0 = 1;                //启动T0
  68   4                              }
  69   3                      }
  70   2              }
  71   1      }


MODULE INFORMATION:   STATIC OVERLAYABLE
   CODE SIZE        =    117    ----
   CONSTANT SIZE    =   ----    ----
   XDATA SIZE       =   ----    ----
   PDATA SIZE       =   ----    ----
   DATA SIZE        =      2    ----
   IDATA SIZE       =   ----    ----
   BIT SIZE         =   ----    ----
END OF MODULE INFORMATION.


C51 COMPILATION COMPLETE.  0 WARNING(S),  0 ERROR(S)
