C51 COMPILER V9.02   TEXT1                                                                 12/17/2019 21:07:23 PAGE 1   


C51 COMPILER V9.02, COMPILATION OF MODULE TEXT1
OBJECT MODULE PLACED IN Text1.OBJ
COMPILER INVOKED BY: C:\Users\99702\Documents\keil\C51\BIN\C51.EXE Text1.c DEBUG OBJECTEXTEND

line level    source

   1          //-----------------------------------------------------------------
   2          //  名称: TIMER0控制交通指示灯
   3          //-----------------------------------------------------------------
   4          //  说明: 东西向绿灯亮5秒后,黄灯闪烁,闪烁5次后亮红灯,
   5          //              红灯亮后,南北向由红灯变为绿灯,5秒后南北向黄灯闪烁, 
   6          //              闪烁5次后亮红灯,东西向绿灯亮,如此往复.
   7          //              本例将时间设得较短是为了调试的时候能较快的观察到运行效果.
   8          //                              
   9          //-----------------------------------------------------------------
  10          #include <reg51.h>
  11          #define INT8U unsigned char
  12          #define INT16U  unsigned int
  13          sbit    RED_A           =  P0^0;        //东西向指示灯
  14          sbit    YELLOW_A        =  P0^1;
  15          sbit    GREEN_A         =  P0^2; 
  16          sbit    RED_B           =  P0^3;        //南北向指示灯
  17          sbit    YELLOW_B        =  P0^4;
  18          sbit    GREEN_B         =  P0^5;
  19          //延时倍数,闪烁次数,操作类型变量
  20          INT8U Time_Count = 0, Flash_Count = 0, Operation_Type = 1; 
  21          //-----------------------------------------------------------------
  22          // T0中断子程序  
  23          //-----------------------------------------------------------------
  24          void T0_INT () interrupt 1
  25          {
  26   1              TH0     = - 50000 / 256;
  27   1              TL0 = - 50000 % 256;
  28   1              switch (Operation_Type)
  29   1              {
  30   2                      case 1:  //东西向绿灯与南北向红灯亮5秒
  31   2                                       RED_A = 0; YELLOW_A = 0; GREEN_A =1;
  32   2                                       RED_B = 1; YELLOW_B = 0; GREEN_B =0;
  33   2                                       //5s后切换操作（50ms * 100 = 5s）
  34   2                                       if (++Time_Count != 100)
  35   2                                              return;
  36   2                                       Time_Count = 0;
  37   2                                       Operation_Type = 2;    //下一操作类型
  38   2                                       break;
  39   2                      case 2:  //东西向黄灯开始闪烁,绿灯关闭
  40   2                                       if (++Time_Count != 8)
  41   2                                              return;
  42   2                                       Time_Count = 0;
  43   2                                       YELLOW_A = !YELLOW_A; GREEN_A = 0;
  44   2                                       //闪烁5次
  45   2                                       if (++Flash_Count != 10)
  46   2                                              return;
  47   2                                       Flash_Count = 0;
  48   2                                       Operation_Type = 3;    //下一操作类型
  49   2                                       break;
  50   2                      case 3:  //东西向红灯与南北向绿灯亮5秒
  51   2                                       RED_A = 1; YELLOW_A = 0; GREEN_A =0;
  52   2                                       RED_B = 0; YELLOW_B = 0; GREEN_B =1;
  53   2                                       //5s后切换操作（50ms * 100 = 5s）
  54   2                                       if (++Time_Count != 100)
  55   2                                              return;
C51 COMPILER V9.02   TEXT1                                                                 12/17/2019 21:07:23 PAGE 2   

  56   2                                       Time_Count = 0;
  57   2                                       Operation_Type = 4;    //下一操作类型
  58   2                                       break;
  59   2                      case 4:  //南北向黄灯开始闪烁
  60   2                                       if (++Time_Count != 8)
  61   2                                              return;
  62   2                                       Time_Count = 0;
  63   2                                       YELLOW_B = !YELLOW_B; GREEN_B = 0;
  64   2                                       //闪烁5次
  65   2                                       if (++Flash_Count != 10)
  66   2                                              return;
  67   2                                       Flash_Count = 0;
  68   2                                       Operation_Type = 1;    //下一操作类型
  69   2              }
  70   1      }
  71          
  72          //-----------------------------------------------------------------
  73          // 主程序
  74          //-----------------------------------------------------------------
  75          void main()
  76          {
  77   1              TMOD = 0x01;    //定时器0工作在方式1
  78   1              IE = 0x82;              //允许定时器0中断
  79   1              TR0 = 1;                //启动定时器0
  80   1              while(1);               //等待中断
  81   1      }


MODULE INFORMATION:   STATIC OVERLAYABLE
   CODE SIZE        =    155    ----
   CONSTANT SIZE    =   ----    ----
   XDATA SIZE       =   ----    ----
   PDATA SIZE       =   ----    ----
   DATA SIZE        =      3    ----
   IDATA SIZE       =   ----    ----
   BIT SIZE         =   ----    ----
END OF MODULE INFORMATION.


C51 COMPILATION COMPLETE.  0 WARNING(S),  0 ERROR(S)
